<?xml version="1.0" encoding="UTF-8"?>
<testng-results ignored="0" total="1" passed="1" failed="0" skipped="0">
  <reporter-output>
  </reporter-output>
  <suite started-at="2023-09-10T11:16:07 IST" name="Default suite" finished-at="2023-09-10T11:16:34 IST" duration-ms="26917">
    <groups>
    </groups>
    <test started-at="2023-09-10T11:16:07 IST" name="Default test" finished-at="2023-09-10T11:16:34 IST" duration-ms="26917">
      <class name="asg.AssignmentAppium.Q_5">
        <test-method signature="test()[pri:0, instance:asg.AssignmentAppium.Q_5@4b29d1d2]" started-at="2023-09-10T11:16:07 IST" name="test" finished-at="2023-09-10T11:16:34 IST" duration-ms="26872" status="PASS">
          <reporter-output>
          </reporter-output>
        </test-method> <!-- test -->
      </class> <!-- asg.AssignmentAppium.Q_5 -->
    </test> <!-- Default test -->
  </suite> <!-- Default suite -->
</testng-results>
